mode: set
pejelagarto-translator/main.go:164.27,173.31 2 1
pejelagarto-translator/main.go:173.31,174.37 1 1
pejelagarto-translator/main.go:174.37,177.26 3 1
pejelagarto-translator/main.go:177.26,180.5 1 0
pejelagarto-translator/main.go:183.2,183.12 1 1
pejelagarto-translator/main.go:187.55,189.39 1 1
pejelagarto-translator/main.go:189.39,190.13 1 0
pejelagarto-translator/main.go:194.2,194.47 1 1
pejelagarto-translator/main.go:194.47,195.13 1 0
pejelagarto-translator/main.go:198.2,201.65 2 1
pejelagarto-translator/main.go:201.65,202.37 1 1
pejelagarto-translator/main.go:202.37,206.16 3 1
pejelagarto-translator/main.go:206.16,213.42 5 1
pejelagarto-translator/main.go:213.42,215.6 1 1
pejelagarto-translator/main.go:216.10,220.21 2 1
pejelagarto-translator/main.go:220.21,226.6 3 1
pejelagarto-translator/main.go:226.11,231.6 3 1
pejelagarto-translator/main.go:234.4,234.34 1 1
pejelagarto-translator/main.go:234.34,236.5 1 1
pejelagarto-translator/main.go:237.4,237.34 1 1
pejelagarto-translator/main.go:242.2,249.21 5 1
pejelagarto-translator/main.go:253.93,255.34 2 1
pejelagarto-translator/main.go:255.34,257.3 1 1
pejelagarto-translator/main.go:259.2,259.42 1 1
pejelagarto-translator/main.go:259.42,263.20 3 1
pejelagarto-translator/main.go:263.20,266.20 1 1
pejelagarto-translator/main.go:266.20,268.5 1 1
pejelagarto-translator/main.go:269.9,272.20 1 1
pejelagarto-translator/main.go:272.20,274.5 1 1
pejelagarto-translator/main.go:278.3,279.15 2 1
pejelagarto-translator/main.go:279.15,281.4 1 1
pejelagarto-translator/main.go:282.3,283.15 2 1
pejelagarto-translator/main.go:283.15,285.4 1 1
pejelagarto-translator/main.go:286.3,286.21 1 1
pejelagarto-translator/main.go:289.2,289.16 1 1
pejelagarto-translator/main.go:291.53,301.48 7 1
pejelagarto-translator/main.go:301.48,303.3 1 1
pejelagarto-translator/main.go:304.2,304.48 1 1
pejelagarto-translator/main.go:304.48,306.3 1 1
pejelagarto-translator/main.go:308.2,308.90 1 1
pejelagarto-translator/main.go:308.90,313.32 4 1
pejelagarto-translator/main.go:313.32,317.72 2 1
pejelagarto-translator/main.go:317.72,319.5 1 1
pejelagarto-translator/main.go:320.9,320.39 1 1
pejelagarto-translator/main.go:320.39,324.72 2 1
pejelagarto-translator/main.go:324.72,326.5 1 1
pejelagarto-translator/main.go:330.2,330.23 1 1
pejelagarto-translator/main.go:336.64,342.34 4 1
pejelagarto-translator/main.go:342.34,344.3 1 1
pejelagarto-translator/main.go:346.2,348.26 2 1
pejelagarto-translator/main.go:348.26,349.19 1 1
pejelagarto-translator/main.go:349.19,351.4 1 1
pejelagarto-translator/main.go:352.3,352.22 1 1
pejelagarto-translator/main.go:355.2,355.24 1 1
pejelagarto-translator/main.go:359.44,364.34 4 1
pejelagarto-translator/main.go:364.34,365.57 1 1
pejelagarto-translator/main.go:365.57,369.4 2 1
pejelagarto-translator/main.go:369.9,371.4 1 1
pejelagarto-translator/main.go:374.2,374.24 1 1
pejelagarto-translator/main.go:379.62,385.34 4 1
pejelagarto-translator/main.go:385.34,387.3 1 1
pejelagarto-translator/main.go:389.2,391.26 2 1
pejelagarto-translator/main.go:391.26,392.19 1 1
pejelagarto-translator/main.go:392.19,394.4 1 1
pejelagarto-translator/main.go:395.3,395.22 1 1
pejelagarto-translator/main.go:398.2,398.24 1 1
pejelagarto-translator/main.go:402.42,407.34 4 1
pejelagarto-translator/main.go:407.34,408.55 1 1
pejelagarto-translator/main.go:408.55,412.4 2 1
pejelagarto-translator/main.go:412.9,414.4 1 1
pejelagarto-translator/main.go:417.2,417.24 1 1
pejelagarto-translator/main.go:421.104,432.32 6 1
pejelagarto-translator/main.go:432.32,437.33 3 1
pejelagarto-translator/main.go:437.33,439.4 1 1
pejelagarto-translator/main.go:440.3,440.40 1 1
pejelagarto-translator/main.go:440.40,441.36 1 1
pejelagarto-translator/main.go:441.36,443.5 1 1
pejelagarto-translator/main.go:444.4,444.28 1 1
pejelagarto-translator/main.go:447.3,447.28 1 1
pejelagarto-translator/main.go:447.28,453.35 3 1
pejelagarto-translator/main.go:453.35,457.5 1 1
pejelagarto-translator/main.go:460.4,474.42 10 1
pejelagarto-translator/main.go:474.42,475.111 1 1
pejelagarto-translator/main.go:475.111,478.6 2 1
pejelagarto-translator/main.go:482.4,482.42 1 1
pejelagarto-translator/main.go:482.42,486.23 2 1
pejelagarto-translator/main.go:486.23,487.43 1 1
pejelagarto-translator/main.go:487.43,489.7 1 1
pejelagarto-translator/main.go:489.12,489.48 1 1
pejelagarto-translator/main.go:489.48,491.7 1 1
pejelagarto-translator/main.go:495.4,495.31 1 1
pejelagarto-translator/main.go:495.31,497.24 1 1
pejelagarto-translator/main.go:497.24,501.14 3 1
pejelagarto-translator/main.go:505.5,505.27 1 1
pejelagarto-translator/main.go:505.27,509.14 3 1
pejelagarto-translator/main.go:515.5,515.49 1 1
pejelagarto-translator/main.go:515.49,520.51 3 1
pejelagarto-translator/main.go:520.51,521.70 1 1
pejelagarto-translator/main.go:521.70,523.13 2 1
pejelagarto-translator/main.go:525.7,525.17 1 1
pejelagarto-translator/main.go:525.17,527.8 1 1
pejelagarto-translator/main.go:530.6,530.44 1 1
pejelagarto-translator/main.go:530.44,531.33 1 1
pejelagarto-translator/main.go:531.33,533.29 1 1
pejelagarto-translator/main.go:533.29,535.9 1 1
pejelagarto-translator/main.go:536.8,536.13 1 1
pejelagarto-translator/main.go:538.7,538.44 1 1
pejelagarto-translator/main.go:538.44,539.13 1 0
pejelagarto-translator/main.go:542.6,542.22 1 1
pejelagarto-translator/main.go:542.22,546.15 3 1
pejelagarto-translator/main.go:551.5,551.46 1 1
pejelagarto-translator/main.go:551.46,557.50 3 1
pejelagarto-translator/main.go:557.50,558.42 1 1
pejelagarto-translator/main.go:558.42,559.34 1 1
pejelagarto-translator/main.go:559.34,561.14 2 1
pejelagarto-translator/main.go:568.6,568.17 1 1
pejelagarto-translator/main.go:568.17,569.42 1 1
pejelagarto-translator/main.go:569.42,570.28 1 1
pejelagarto-translator/main.go:570.28,572.14 2 1
pejelagarto-translator/main.go:578.6,578.17 1 1
pejelagarto-translator/main.go:578.17,579.42 1 1
pejelagarto-translator/main.go:579.42,584.67 3 1
pejelagarto-translator/main.go:584.67,586.14 2 1
pejelagarto-translator/main.go:591.8,591.40 1 1
pejelagarto-translator/main.go:591.40,593.88 1 1
pejelagarto-translator/main.go:593.88,595.15 2 1
pejelagarto-translator/main.go:598.8,598.37 1 1
pejelagarto-translator/main.go:598.37,600.82 1 1
pejelagarto-translator/main.go:600.82,602.15 2 0
pejelagarto-translator/main.go:608.6,608.17 1 1
pejelagarto-translator/main.go:608.17,618.15 7 1
pejelagarto-translator/main.go:623.5,624.10 2 1
pejelagarto-translator/main.go:627.4,627.31 1 1
pejelagarto-translator/main.go:633.2,635.40 3 1
pejelagarto-translator/main.go:635.40,640.91 2 1
pejelagarto-translator/main.go:640.91,641.12 1 1
pejelagarto-translator/main.go:644.3,644.40 1 1
pejelagarto-translator/main.go:646.2,651.15 3 1
pejelagarto-translator/main.go:655.61,657.30 1 1
pejelagarto-translator/main.go:657.30,659.3 1 0
pejelagarto-translator/main.go:663.2,669.15 5 1
pejelagarto-translator/main.go:673.63,675.30 1 1
pejelagarto-translator/main.go:675.30,677.3 1 0
pejelagarto-translator/main.go:679.2,686.15 5 1
pejelagarto-translator/main.go:694.58,696.30 1 1
pejelagarto-translator/main.go:696.30,698.3 1 0
pejelagarto-translator/main.go:699.2,703.21 4 1
pejelagarto-translator/main.go:703.21,706.126 1 1
pejelagarto-translator/main.go:706.126,709.23 2 1
pejelagarto-translator/main.go:709.23,712.5 2 0
pejelagarto-translator/main.go:715.4,716.42 2 1
pejelagarto-translator/main.go:716.42,719.5 2 0
pejelagarto-translator/main.go:722.4,723.61 2 1
pejelagarto-translator/main.go:723.61,725.5 1 1
pejelagarto-translator/main.go:727.4,730.23 2 1
pejelagarto-translator/main.go:730.23,732.19 1 0
pejelagarto-translator/main.go:732.19,734.6 1 0
pejelagarto-translator/main.go:735.5,735.39 1 0
pejelagarto-translator/main.go:735.39,737.6 1 0
pejelagarto-translator/main.go:738.10,742.12 3 1
pejelagarto-translator/main.go:742.12,744.20 1 0
pejelagarto-translator/main.go:744.20,746.7 1 0
pejelagarto-translator/main.go:747.6,747.40 1 0
pejelagarto-translator/main.go:747.40,749.7 1 0
pejelagarto-translator/main.go:750.6,751.14 2 0
pejelagarto-translator/main.go:755.5,756.19 2 1
pejelagarto-translator/main.go:756.19,759.6 1 0
pejelagarto-translator/main.go:759.11,762.6 1 1
pejelagarto-translator/main.go:765.5,765.19 1 1
pejelagarto-translator/main.go:765.19,767.6 1 0
pejelagarto-translator/main.go:769.5,769.39 1 1
pejelagarto-translator/main.go:769.39,771.6 1 0
pejelagarto-translator/main.go:772.5,772.37 1 1
pejelagarto-translator/main.go:774.9,777.4 2 1
pejelagarto-translator/main.go:780.2,780.24 1 1
pejelagarto-translator/main.go:788.60,790.30 1 1
pejelagarto-translator/main.go:790.30,792.3 1 0
pejelagarto-translator/main.go:793.2,797.21 4 1
pejelagarto-translator/main.go:797.21,799.98 1 1
pejelagarto-translator/main.go:799.98,802.23 2 1
pejelagarto-translator/main.go:802.23,805.5 2 0
pejelagarto-translator/main.go:808.4,809.42 2 1
pejelagarto-translator/main.go:809.42,812.5 2 0
pejelagarto-translator/main.go:816.4,817.18 2 1
pejelagarto-translator/main.go:817.18,819.50 1 0
pejelagarto-translator/main.go:819.50,821.6 1 0
pejelagarto-translator/main.go:825.5,827.61 3 0
pejelagarto-translator/main.go:827.61,830.63 2 0
pejelagarto-translator/main.go:830.63,832.7 1 0
pejelagarto-translator/main.go:833.6,833.22 1 0
pejelagarto-translator/main.go:837.5,837.22 1 0
pejelagarto-translator/main.go:837.22,839.20 2 0
pejelagarto-translator/main.go:839.20,841.7 1 0
pejelagarto-translator/main.go:842.6,842.40 1 0
pejelagarto-translator/main.go:842.40,844.7 1 0
pejelagarto-translator/main.go:845.6,846.14 2 0
pejelagarto-translator/main.go:848.10,850.50 1 1
pejelagarto-translator/main.go:850.50,852.6 1 1
pejelagarto-translator/main.go:856.5,858.61 3 1
pejelagarto-translator/main.go:858.61,861.63 2 0
pejelagarto-translator/main.go:861.63,863.7 1 0
pejelagarto-translator/main.go:864.6,864.22 1 0
pejelagarto-translator/main.go:868.5,868.22 1 1
pejelagarto-translator/main.go:868.22,870.40 2 0
pejelagarto-translator/main.go:870.40,872.7 1 0
pejelagarto-translator/main.go:873.6,874.14 2 0
pejelagarto-translator/main.go:878.4,881.23 2 1
pejelagarto-translator/main.go:881.23,883.19 1 0
pejelagarto-translator/main.go:883.19,885.6 1 0
pejelagarto-translator/main.go:886.5,886.39 1 0
pejelagarto-translator/main.go:886.39,888.6 1 0
pejelagarto-translator/main.go:889.10,892.19 2 1
pejelagarto-translator/main.go:892.19,896.13 3 0
pejelagarto-translator/main.go:896.13,898.21 1 0
pejelagarto-translator/main.go:898.21,900.8 1 0
pejelagarto-translator/main.go:901.7,901.41 1 0
pejelagarto-translator/main.go:901.41,903.8 1 0
pejelagarto-translator/main.go:904.7,905.15 2 0
pejelagarto-translator/main.go:907.6,907.37 1 0
pejelagarto-translator/main.go:908.11,912.13 3 1
pejelagarto-translator/main.go:912.13,914.41 1 0
pejelagarto-translator/main.go:914.41,916.8 1 0
pejelagarto-translator/main.go:917.7,918.15 2 0
pejelagarto-translator/main.go:920.6,920.37 1 1
pejelagarto-translator/main.go:924.5,924.19 1 1
pejelagarto-translator/main.go:924.19,926.6 1 0
pejelagarto-translator/main.go:928.5,928.39 1 1
pejelagarto-translator/main.go:928.39,930.6 1 0
pejelagarto-translator/main.go:931.5,931.34 1 1
pejelagarto-translator/main.go:933.9,936.4 2 1
pejelagarto-translator/main.go:939.2,939.24 1 1
pejelagarto-translator/main.go:943.32,945.2 1 0
pejelagarto-translator/main.go:948.32,950.2 1 1
pejelagarto-translator/main.go:981.35,983.54 1 1
pejelagarto-translator/main.go:983.54,984.42 1 1
pejelagarto-translator/main.go:984.42,986.22 2 1
pejelagarto-translator/main.go:986.22,989.5 1 0
pejelagarto-translator/main.go:992.4,994.39 3 1
pejelagarto-translator/main.go:994.39,997.5 1 0
pejelagarto-translator/main.go:1003.2,1003.55 1 1
pejelagarto-translator/main.go:1003.55,1004.42 1 1
pejelagarto-translator/main.go:1004.42,1006.22 2 1
pejelagarto-translator/main.go:1006.22,1009.5 1 0
pejelagarto-translator/main.go:1012.4,1015.46 4 1
pejelagarto-translator/main.go:1015.46,1018.5 1 0
pejelagarto-translator/main.go:1022.2,1022.12 1 1
pejelagarto-translator/main.go:1024.27,1030.24 2 1
pejelagarto-translator/main.go:1030.24,1031.34 1 1
pejelagarto-translator/main.go:1031.34,1033.4 1 1
pejelagarto-translator/main.go:1036.2,1039.46 2 1
pejelagarto-translator/main.go:1039.46,1040.40 1 1
pejelagarto-translator/main.go:1040.40,1041.32 1 1
pejelagarto-translator/main.go:1041.32,1043.5 1 1
pejelagarto-translator/main.go:1048.2,1048.47 1 1
pejelagarto-translator/main.go:1048.47,1049.40 1 1
pejelagarto-translator/main.go:1049.40,1050.32 1 1
pejelagarto-translator/main.go:1050.32,1052.5 1 0
pejelagarto-translator/main.go:1056.2,1056.14 1 1
pejelagarto-translator/main.go:1059.40,1061.12 2 1
pejelagarto-translator/main.go:1061.12,1063.3 1 1
pejelagarto-translator/main.go:1066.2,1066.15 1 1
pejelagarto-translator/main.go:1066.15,1069.3 2 1
pejelagarto-translator/main.go:1072.2,1072.31 1 1
pejelagarto-translator/main.go:1072.31,1073.16 1 1
pejelagarto-translator/main.go:1073.16,1076.4 2 1
pejelagarto-translator/main.go:1080.2,1080.11 1 1
pejelagarto-translator/main.go:1080.11,1082.3 1 1
pejelagarto-translator/main.go:1084.2,1084.16 1 1
pejelagarto-translator/main.go:1088.59,1090.9 2 1
pejelagarto-translator/main.go:1090.9,1092.3 1 0
pejelagarto-translator/main.go:1093.2,1093.41 1 1
pejelagarto-translator/main.go:1093.41,1094.31 1 1
pejelagarto-translator/main.go:1094.31,1096.4 1 1
pejelagarto-translator/main.go:1098.2,1098.10 1 0
pejelagarto-translator/main.go:1102.41,1104.54 1 1
pejelagarto-translator/main.go:1104.54,1105.40 1 1
pejelagarto-translator/main.go:1105.40,1106.32 1 1
pejelagarto-translator/main.go:1106.32,1108.5 1 1
pejelagarto-translator/main.go:1112.2,1112.55 1 0
pejelagarto-translator/main.go:1112.55,1113.40 1 0
pejelagarto-translator/main.go:1113.40,1114.32 1 0
pejelagarto-translator/main.go:1114.32,1116.5 1 0
pejelagarto-translator/main.go:1120.2,1121.20 2 0
pejelagarto-translator/main.go:1121.20,1123.3 1 0
pejelagarto-translator/main.go:1124.2,1124.12 1 0
pejelagarto-translator/main.go:1128.68,1129.30 1 1
pejelagarto-translator/main.go:1129.30,1131.3 1 1
pejelagarto-translator/main.go:1133.2,1136.21 3 1
pejelagarto-translator/main.go:1136.21,1138.3 1 1
pejelagarto-translator/main.go:1141.2,1142.23 2 1
pejelagarto-translator/main.go:1142.23,1144.3 1 1
pejelagarto-translator/main.go:1147.2,1148.26 2 1
pejelagarto-translator/main.go:1148.26,1149.17 1 1
pejelagarto-translator/main.go:1149.17,1151.4 1 1
pejelagarto-translator/main.go:1154.2,1154.30 1 1
pejelagarto-translator/main.go:1154.30,1156.3 1 1
pejelagarto-translator/main.go:1160.2,1163.36 3 1
pejelagarto-translator/main.go:1163.36,1167.58 2 1
pejelagarto-translator/main.go:1167.58,1179.30 8 1
pejelagarto-translator/main.go:1179.30,1180.13 1 0
pejelagarto-translator/main.go:1184.4,1193.32 4 1
pejelagarto-translator/main.go:1193.32,1196.63 2 1
pejelagarto-translator/main.go:1196.63,1197.17 1 1
pejelagarto-translator/main.go:1197.17,1200.58 2 0
pejelagarto-translator/main.go:1200.58,1202.8 1 0
pejelagarto-translator/main.go:1202.13,1205.8 1 0
pejelagarto-translator/main.go:1206.12,1208.7 1 1
pejelagarto-translator/main.go:1214.2,1214.23 1 1
pejelagarto-translator/main.go:1218.70,1219.30 1 1
pejelagarto-translator/main.go:1219.30,1221.3 1 1
pejelagarto-translator/main.go:1223.2,1226.21 3 1
pejelagarto-translator/main.go:1226.21,1228.3 1 1
pejelagarto-translator/main.go:1231.2,1232.23 2 1
pejelagarto-translator/main.go:1232.23,1234.3 1 1
pejelagarto-translator/main.go:1237.2,1238.26 2 1
pejelagarto-translator/main.go:1238.26,1239.17 1 1
pejelagarto-translator/main.go:1239.17,1241.4 1 1
pejelagarto-translator/main.go:1244.2,1244.30 1 1
pejelagarto-translator/main.go:1244.30,1246.3 1 1
pejelagarto-translator/main.go:1249.2,1252.36 3 1
pejelagarto-translator/main.go:1252.36,1256.58 2 1
pejelagarto-translator/main.go:1256.58,1268.30 8 1
pejelagarto-translator/main.go:1268.30,1269.13 1 0
pejelagarto-translator/main.go:1273.4,1273.40 1 1
pejelagarto-translator/main.go:1273.40,1274.13 1 0
pejelagarto-translator/main.go:1276.4,1277.32 2 1
pejelagarto-translator/main.go:1277.32,1279.13 1 0
pejelagarto-translator/main.go:1283.4,1284.26 2 1
pejelagarto-translator/main.go:1284.26,1286.5 1 0
pejelagarto-translator/main.go:1289.4,1293.32 3 1
pejelagarto-translator/main.go:1293.32,1296.63 2 1
pejelagarto-translator/main.go:1296.63,1297.17 1 1
pejelagarto-translator/main.go:1297.17,1300.58 2 0
pejelagarto-translator/main.go:1300.58,1302.8 1 0
pejelagarto-translator/main.go:1302.13,1305.8 1 0
pejelagarto-translator/main.go:1306.12,1308.7 1 1
pejelagarto-translator/main.go:1314.2,1314.23 1 1
pejelagarto-translator/main.go:1318.44,1319.18 1 1
pejelagarto-translator/main.go:1319.18,1321.3 1 0
pejelagarto-translator/main.go:1323.2,1324.6 2 1
pejelagarto-translator/main.go:1324.6,1326.22 2 1
pejelagarto-translator/main.go:1326.22,1327.9 1 1
pejelagarto-translator/main.go:1329.3,1329.26 1 1
pejelagarto-translator/main.go:1331.2,1331.12 1 1
pejelagarto-translator/main.go:1335.45,1336.18 1 1
pejelagarto-translator/main.go:1336.18,1338.3 1 0
pejelagarto-translator/main.go:1340.2,1341.6 2 1
pejelagarto-translator/main.go:1341.6,1343.22 2 1
pejelagarto-translator/main.go:1343.22,1344.9 1 1
pejelagarto-translator/main.go:1346.3,1346.28 1 1
pejelagarto-translator/main.go:1348.2,1348.13 1 1
pejelagarto-translator/main.go:1354.53,1355.30 1 1
pejelagarto-translator/main.go:1355.30,1357.3 1 0
pejelagarto-translator/main.go:1360.2,1364.26 4 1
pejelagarto-translator/main.go:1364.26,1366.33 2 1
pejelagarto-translator/main.go:1366.33,1369.4 2 1
pejelagarto-translator/main.go:1369.9,1369.30 1 1
pejelagarto-translator/main.go:1369.30,1371.4 1 1
pejelagarto-translator/main.go:1374.2,1374.20 1 1
pejelagarto-translator/main.go:1374.20,1376.3 1 1
pejelagarto-translator/main.go:1379.2,1380.22 2 1
pejelagarto-translator/main.go:1380.22,1383.3 1 1
pejelagarto-translator/main.go:1383.8,1386.3 1 1
pejelagarto-translator/main.go:1389.2,1390.31 2 1
pejelagarto-translator/main.go:1390.31,1391.35 1 1
pejelagarto-translator/main.go:1391.35,1393.4 1 1
pejelagarto-translator/main.go:1397.2,1400.24 3 1
pejelagarto-translator/main.go:1400.24,1401.27 1 1
pejelagarto-translator/main.go:1401.27,1404.65 2 1
pejelagarto-translator/main.go:1404.65,1407.13 2 1
pejelagarto-translator/main.go:1411.4,1412.65 2 1
pejelagarto-translator/main.go:1412.65,1415.5 1 1
pejelagarto-translator/main.go:1419.2,1419.23 1 1
pejelagarto-translator/main.go:1423.66,1427.65 2 1
pejelagarto-translator/main.go:1427.65,1428.37 1 1
pejelagarto-translator/main.go:1428.37,1432.16 3 1
pejelagarto-translator/main.go:1432.16,1439.42 5 1
pejelagarto-translator/main.go:1439.42,1441.6 1 1
pejelagarto-translator/main.go:1442.10,1445.21 2 1
pejelagarto-translator/main.go:1445.21,1450.6 3 1
pejelagarto-translator/main.go:1450.11,1455.6 3 1
pejelagarto-translator/main.go:1459.4,1459.34 1 1
pejelagarto-translator/main.go:1459.34,1461.5 1 1
pejelagarto-translator/main.go:1462.4,1462.34 1 1
pejelagarto-translator/main.go:1467.2,1471.21 3 1
pejelagarto-translator/main.go:1475.104,1477.34 2 1
pejelagarto-translator/main.go:1477.34,1479.3 1 1
pejelagarto-translator/main.go:1481.2,1481.42 1 1
pejelagarto-translator/main.go:1481.42,1485.20 3 1
pejelagarto-translator/main.go:1485.20,1487.20 1 1
pejelagarto-translator/main.go:1487.20,1489.5 1 1
pejelagarto-translator/main.go:1490.9,1492.20 1 1
pejelagarto-translator/main.go:1492.20,1494.5 1 1
pejelagarto-translator/main.go:1498.3,1499.15 2 1
pejelagarto-translator/main.go:1499.15,1501.4 1 1
pejelagarto-translator/main.go:1502.3,1503.15 2 1
pejelagarto-translator/main.go:1503.15,1505.4 1 1
pejelagarto-translator/main.go:1506.3,1506.21 1 1
pejelagarto-translator/main.go:1509.2,1509.16 1 1
pejelagarto-translator/main.go:1513.69,1514.30 1 1
pejelagarto-translator/main.go:1514.30,1516.3 1 0
pejelagarto-translator/main.go:1519.2,1525.15 5 1
pejelagarto-translator/main.go:1529.71,1530.30 1 1
pejelagarto-translator/main.go:1530.30,1532.3 1 0
pejelagarto-translator/main.go:1534.2,1541.15 5 1
pejelagarto-translator/main.go:1545.60,1550.21 3 1
pejelagarto-translator/main.go:1550.21,1552.3 1 0
pejelagarto-translator/main.go:1555.2,1556.42 2 1
pejelagarto-translator/main.go:1556.42,1558.22 1 1
pejelagarto-translator/main.go:1558.22,1560.4 1 1
pejelagarto-translator/main.go:1561.3,1561.60 1 1
pejelagarto-translator/main.go:1564.2,1564.18 1 1
pejelagarto-translator/main.go:1568.65,1569.21 1 1
pejelagarto-translator/main.go:1569.21,1571.3 1 0
pejelagarto-translator/main.go:1573.2,1573.17 1 1
pejelagarto-translator/main.go:1573.17,1575.3 1 1
pejelagarto-translator/main.go:1577.2,1577.33 1 1
pejelagarto-translator/main.go:1581.60,1584.43 2 1
pejelagarto-translator/main.go:1584.43,1586.3 1 1
pejelagarto-translator/main.go:1587.2,1587.45 1 1
pejelagarto-translator/main.go:1587.45,1589.3 1 1
pejelagarto-translator/main.go:1590.2,1590.44 1 1
pejelagarto-translator/main.go:1590.44,1592.3 1 1
pejelagarto-translator/main.go:1593.2,1593.44 1 1
pejelagarto-translator/main.go:1593.44,1595.3 1 1
pejelagarto-translator/main.go:1596.2,1596.46 1 1
pejelagarto-translator/main.go:1596.46,1598.3 1 1
pejelagarto-translator/main.go:1600.2,1602.23 3 1
pejelagarto-translator/main.go:1602.23,1605.29 2 1
pejelagarto-translator/main.go:1605.29,1607.4 1 1
pejelagarto-translator/main.go:1609.2,1609.24 1 1
pejelagarto-translator/main.go:1613.65,1618.50 2 1
pejelagarto-translator/main.go:1618.50,1619.43 1 1
pejelagarto-translator/main.go:1619.43,1621.9 2 1
pejelagarto-translator/main.go:1625.2,1625.52 1 1
pejelagarto-translator/main.go:1625.52,1626.43 1 1
pejelagarto-translator/main.go:1626.43,1628.9 2 1
pejelagarto-translator/main.go:1632.2,1632.51 1 1
pejelagarto-translator/main.go:1632.51,1633.43 1 1
pejelagarto-translator/main.go:1633.43,1635.9 2 1
pejelagarto-translator/main.go:1639.2,1639.51 1 1
pejelagarto-translator/main.go:1639.51,1640.43 1 1
pejelagarto-translator/main.go:1640.43,1642.9 2 1
pejelagarto-translator/main.go:1646.2,1646.53 1 1
pejelagarto-translator/main.go:1646.53,1647.43 1 1
pejelagarto-translator/main.go:1647.43,1649.9 2 1
pejelagarto-translator/main.go:1655.2,1655.44 1 1
pejelagarto-translator/main.go:1655.44,1657.3 1 0
pejelagarto-translator/main.go:1660.2,1660.84 1 1
pejelagarto-translator/main.go:1664.76,1667.21 2 1
pejelagarto-translator/main.go:1667.21,1669.3 1 1
pejelagarto-translator/main.go:1669.8,1672.17 2 0
pejelagarto-translator/main.go:1672.17,1675.4 1 0
pejelagarto-translator/main.go:1675.9,1677.4 1 0
pejelagarto-translator/main.go:1681.2,1688.48 6 1
pejelagarto-translator/main.go:1688.48,1690.3 1 0
pejelagarto-translator/main.go:1691.2,1691.54 1 1
pejelagarto-translator/main.go:1691.54,1693.3 1 0
pejelagarto-translator/main.go:1694.2,1694.51 1 1
pejelagarto-translator/main.go:1694.51,1696.3 1 0
pejelagarto-translator/main.go:1697.2,1697.51 1 1
pejelagarto-translator/main.go:1697.51,1699.3 1 0
pejelagarto-translator/main.go:1700.2,1700.57 1 1
pejelagarto-translator/main.go:1700.57,1702.3 1 0
pejelagarto-translator/main.go:1705.2,1717.34 4 1
pejelagarto-translator/main.go:1717.34,1718.52 1 1
pejelagarto-translator/main.go:1718.52,1720.4 1 1
pejelagarto-translator/main.go:1721.3,1721.24 1 1
pejelagarto-translator/main.go:1721.24,1723.4 1 1
pejelagarto-translator/main.go:1727.2,1727.25 1 1
pejelagarto-translator/main.go:1727.25,1728.44 1 1
pejelagarto-translator/main.go:1728.44,1730.4 1 1
pejelagarto-translator/main.go:1731.3,1731.15 1 1
pejelagarto-translator/main.go:1735.2,1736.46 2 1
pejelagarto-translator/main.go:1736.46,1738.3 1 1
pejelagarto-translator/main.go:1741.2,1745.34 3 1
pejelagarto-translator/main.go:1745.34,1747.3 1 1
pejelagarto-translator/main.go:1750.2,1753.51 3 1
pejelagarto-translator/main.go:1753.51,1755.29 2 1
pejelagarto-translator/main.go:1755.29,1757.4 1 0
pejelagarto-translator/main.go:1759.3,1760.93 2 1
pejelagarto-translator/main.go:1764.2,1764.51 1 1
pejelagarto-translator/main.go:1764.51,1767.3 2 1
pejelagarto-translator/main.go:1769.2,1769.28 1 1
pejelagarto-translator/main.go:1775.47,1784.30 5 1
pejelagarto-translator/main.go:1784.30,1786.39 2 1
pejelagarto-translator/main.go:1786.39,1792.4 4 0
pejelagarto-translator/main.go:1792.9,1795.4 2 1
pejelagarto-translator/main.go:1798.2,1798.24 1 1
pejelagarto-translator/main.go:1802.49,1809.34 5 1
pejelagarto-translator/main.go:1809.34,1811.44 2 1
pejelagarto-translator/main.go:1811.44,1814.69 2 0
pejelagarto-translator/main.go:1814.69,1819.13 4 0
pejelagarto-translator/main.go:1823.3,1823.48 1 1
pejelagarto-translator/main.go:1826.2,1826.23 1 1
pejelagarto-translator/main.go:1830.50,1841.2 10 1
pejelagarto-translator/main.go:1844.52,1855.2 10 1
pejelagarto-translator/server_backend.go:31.58,36.35 3 0
pejelagarto-translator/server_backend.go:36.35,56.3 2 0
pejelagarto-translator/server_backend.go:56.8,58.3 1 0
pejelagarto-translator/server_backend.go:60.2,60.21 1 0
pejelagarto-translator/server_backend.go:64.64,65.33 1 0
pejelagarto-translator/server_backend.go:65.33,68.3 2 0
pejelagarto-translator/server_backend.go:70.2,71.16 2 0
pejelagarto-translator/server_backend.go:71.16,74.3 2 0
pejelagarto-translator/server_backend.go:76.2,80.23 4 0
pejelagarto-translator/server_backend.go:84.66,85.33 1 0
pejelagarto-translator/server_backend.go:85.33,88.3 2 0
pejelagarto-translator/server_backend.go:90.2,91.16 2 0
pejelagarto-translator/server_backend.go:91.16,94.3 2 0
pejelagarto-translator/server_backend.go:96.2,100.23 4 0
pejelagarto-translator/server_backend.go:107.36,110.22 2 0
pejelagarto-translator/server_backend.go:111.17,112.69 1 0
pejelagarto-translator/server_backend.go:113.16,114.34 1 0
pejelagarto-translator/server_backend.go:115.10,116.38 1 0
pejelagarto-translator/server_backend.go:119.2,119.20 1 0
pejelagarto-translator/server_backend.go:124.32,126.41 1 0
pejelagarto-translator/server_backend.go:126.41,129.25 3 0
pejelagarto-translator/server_backend.go:129.25,132.4 1 0
pejelagarto-translator/server_backend.go:136.2,136.36 1 0
pejelagarto-translator/server_backend.go:136.36,139.18 3 0
pejelagarto-translator/server_backend.go:139.18,141.4 1 0
pejelagarto-translator/server_backend.go:142.3,142.20 1 0
pejelagarto-translator/server_backend.go:142.20,144.4 1 0
pejelagarto-translator/server_backend.go:149.2,150.41 2 0
pejelagarto-translator/server_backend.go:150.41,151.25 1 0
pejelagarto-translator/server_backend.go:151.25,153.4 1 0
pejelagarto-translator/server_backend.go:154.3,154.27 1 0
pejelagarto-translator/server_backend.go:154.27,156.4 1 0
pejelagarto-translator/server_backend.go:159.2,159.42 1 0
pejelagarto-translator/server_backend.go:159.42,161.3 1 0
pejelagarto-translator/server_backend.go:162.2,162.40 1 0
pejelagarto-translator/server_backend.go:162.40,164.3 1 0
pejelagarto-translator/server_backend.go:168.2,171.64 2 0
pejelagarto-translator/server_backend.go:171.64,172.28 1 0
pejelagarto-translator/server_backend.go:172.28,173.63 1 0
pejelagarto-translator/server_backend.go:173.63,176.5 1 0
pejelagarto-translator/server_backend.go:177.4,177.63 1 0
pejelagarto-translator/server_backend.go:179.3,179.13 1 0
pejelagarto-translator/server_backend.go:182.2,182.84 1 0
pejelagarto-translator/server_backend.go:182.84,184.3 1 0
pejelagarto-translator/server_backend.go:185.2,185.88 1 0
pejelagarto-translator/server_backend.go:185.88,187.3 1 0
pejelagarto-translator/server_backend.go:188.2,188.86 1 0
pejelagarto-translator/server_backend.go:188.86,190.3 1 0
pejelagarto-translator/server_backend.go:191.2,191.86 1 0
pejelagarto-translator/server_backend.go:191.86,193.3 1 0
pejelagarto-translator/server_backend.go:194.2,194.90 1 0
pejelagarto-translator/server_backend.go:194.90,196.3 1 0
pejelagarto-translator/server_backend.go:199.2,199.70 1 0
pejelagarto-translator/server_backend.go:199.70,201.3 1 0
pejelagarto-translator/server_backend.go:202.2,202.68 1 0
pejelagarto-translator/server_backend.go:202.68,204.3 1 0
pejelagarto-translator/server_backend.go:208.2,250.32 6 0
pejelagarto-translator/server_backend.go:250.32,251.22 1 0
pejelagarto-translator/server_backend.go:251.22,255.4 3 0
pejelagarto-translator/server_backend.go:259.2,259.60 1 0
pejelagarto-translator/server_backend.go:259.60,261.14 2 0
pejelagarto-translator/server_backend.go:261.14,263.4 1 0
pejelagarto-translator/server_backend.go:264.3,264.35 1 0
pejelagarto-translator/server_backend.go:264.35,267.4 1 0
pejelagarto-translator/server_backend.go:271.2,271.35 1 0
pejelagarto-translator/server_backend.go:271.35,272.63 1 0
pejelagarto-translator/server_backend.go:272.63,274.4 1 0
pejelagarto-translator/server_backend.go:278.2,279.36 2 0
pejelagarto-translator/server_backend.go:279.36,280.60 1 0
pejelagarto-translator/server_backend.go:280.60,282.4 1 0
pejelagarto-translator/server_backend.go:283.3,283.31 1 0
pejelagarto-translator/server_backend.go:286.2,286.50 1 0
pejelagarto-translator/server_backend.go:286.50,288.14 2 0
pejelagarto-translator/server_backend.go:288.14,290.4 1 0
pejelagarto-translator/server_backend.go:291.3,291.34 1 0
pejelagarto-translator/server_backend.go:291.34,294.4 1 0
pejelagarto-translator/server_backend.go:298.2,298.36 1 0
pejelagarto-translator/server_backend.go:298.36,300.3 1 0
pejelagarto-translator/server_backend.go:301.2,301.38 1 0
pejelagarto-translator/server_backend.go:301.38,303.3 1 0
pejelagarto-translator/server_backend.go:304.2,304.38 1 0
pejelagarto-translator/server_backend.go:304.38,306.3 1 0
pejelagarto-translator/server_backend.go:307.2,307.37 1 0
pejelagarto-translator/server_backend.go:307.37,309.3 1 0
pejelagarto-translator/server_backend.go:310.2,310.39 1 0
pejelagarto-translator/server_backend.go:310.39,312.3 1 0
pejelagarto-translator/server_backend.go:315.2,316.41 2 0
pejelagarto-translator/server_backend.go:316.41,317.65 1 0
pejelagarto-translator/server_backend.go:317.65,319.4 1 0
pejelagarto-translator/server_backend.go:320.3,320.36 1 0
pejelagarto-translator/server_backend.go:324.2,325.35 2 0
pejelagarto-translator/server_backend.go:325.35,326.55 1 0
pejelagarto-translator/server_backend.go:326.55,328.4 1 0
pejelagarto-translator/server_backend.go:329.3,329.56 1 0
pejelagarto-translator/server_backend.go:329.56,331.4 1 0
pejelagarto-translator/server_backend.go:335.2,335.54 1 0
pejelagarto-translator/server_backend.go:335.54,336.42 1 0
pejelagarto-translator/server_backend.go:336.42,338.22 2 0
pejelagarto-translator/server_backend.go:338.22,341.5 1 0
pejelagarto-translator/server_backend.go:344.2,344.55 1 0
pejelagarto-translator/server_backend.go:344.55,345.42 1 0
pejelagarto-translator/server_backend.go:345.42,347.22 2 0
pejelagarto-translator/server_backend.go:347.22,350.5 1 0
pejelagarto-translator/server_backend.go:355.2,355.44 1 0
pejelagarto-translator/server_backend.go:355.44,357.3 1 0
pejelagarto-translator/server_backend.go:361.2,362.36 2 0
pejelagarto-translator/server_backend.go:362.36,363.25 1 0
pejelagarto-translator/server_backend.go:363.25,365.4 1 0
pejelagarto-translator/server_backend.go:366.3,366.27 1 0
pejelagarto-translator/server_backend.go:366.27,368.4 1 0
pejelagarto-translator/server_backend.go:371.2,372.41 2 0
pejelagarto-translator/server_backend.go:372.41,373.25 1 0
pejelagarto-translator/server_backend.go:373.25,375.4 1 0
pejelagarto-translator/server_backend.go:376.3,376.27 1 0
pejelagarto-translator/server_backend.go:376.27,378.4 1 0
pejelagarto-translator/server_backend.go:381.2,381.44 1 0
pejelagarto-translator/server_backend.go:381.44,382.26 1 0
pejelagarto-translator/server_backend.go:382.26,383.25 1 0
pejelagarto-translator/server_backend.go:383.25,385.5 1 0
pejelagarto-translator/server_backend.go:386.4,386.30 1 0
pejelagarto-translator/server_backend.go:386.30,388.5 1 0
pejelagarto-translator/server_backend.go:392.2,392.12 1 0
pejelagarto-translator/server_backend.go:397.40,398.31 1 0
pejelagarto-translator/server_backend.go:398.31,400.3 1 0
pejelagarto-translator/server_backend.go:401.2,401.11 1 0
pejelagarto-translator/server_backend.go:405.30,409.29 2 0
pejelagarto-translator/server_backend.go:409.29,412.17 3 0
pejelagarto-translator/server_backend.go:412.17,415.4 2 0
pejelagarto-translator/server_backend.go:419.2,419.10 1 0
pejelagarto-translator/server_backend.go:423.67,425.20 2 0
pejelagarto-translator/server_backend.go:425.20,427.3 1 0
pejelagarto-translator/server_backend.go:427.8,429.3 1 0
pejelagarto-translator/server_backend.go:433.68,434.21 1 0
pejelagarto-translator/server_backend.go:434.21,437.3 2 0
pejelagarto-translator/server_backend.go:439.2,440.16 2 0
pejelagarto-translator/server_backend.go:440.16,442.32 2 0
pejelagarto-translator/server_backend.go:442.32,444.4 1 0
pejelagarto-translator/server_backend.go:445.3,445.9 1 0
pejelagarto-translator/server_backend.go:448.2,451.15 4 0
pejelagarto-translator/server_backend.go:455.66,456.21 1 0
pejelagarto-translator/server_backend.go:456.21,459.3 2 0
pejelagarto-translator/server_backend.go:461.2,462.16 2 0
pejelagarto-translator/server_backend.go:462.16,464.32 2 0
pejelagarto-translator/server_backend.go:464.32,466.4 1 0
pejelagarto-translator/server_backend.go:467.3,467.9 1 0
pejelagarto-translator/server_backend.go:470.2,473.15 4 0
pejelagarto-translator/server_backend.go:477.13,479.30 1 0
pejelagarto-translator/server_backend.go:479.30,480.23 1 0
pejelagarto-translator/server_backend.go:480.24,480.25 0 0
pejelagarto-translator/server_backend.go:484.2,484.44 1 0
pejelagarto-translator/server_backend.go:484.44,486.3 1 0
pejelagarto-translator/server_backend.go:487.2,487.31 1 0
pejelagarto-translator/server_backend.go:487.31,489.3 1 0
pejelagarto-translator/server_backend.go:492.2,495.21 3 0
pejelagarto-translator/server_backend.go:495.21,501.32 5 0
pejelagarto-translator/server_backend.go:501.32,503.4 1 0
pejelagarto-translator/server_backend.go:504.8,508.3 2 0
pejelagarto-translator/server_backend.go:510.2,515.97 4 0
pejelagarto-translator/server_backend.go:515.97,517.3 1 0
pejelagarto-translator/server_backend.go:520.2,520.31 1 0
pejelagarto-translator/server_backend.go:520.31,522.3 1 0
pejelagarto-translator/server_backend.go:523.2,524.37 2 0
pejelagarto-translator/server_backend.go:524.37,527.3 1 0
pejelagarto-translator/server_backend.go:529.2,529.72 1 0
pejelagarto-translator/server_backend.go:529.72,531.3 1 0
pejelagarto-translator/server_backend.go:534.2,540.45 2 0
pejelagarto-translator/server_backend.go:540.45,542.3 1 0
pejelagarto-translator/server_backend.go:543.2,545.31 3 0
pejelagarto-translator/server_backend.go:545.31,548.3 2 0
pejelagarto-translator/server_backend.go:551.2,560.23 9 0
pejelagarto-translator/server_backend.go:560.23,562.32 1 0
pejelagarto-translator/server_backend.go:562.32,566.4 3 0
pejelagarto-translator/server_backend.go:569.3,572.25 3 0
pejelagarto-translator/server_backend.go:572.25,578.33 4 0
pejelagarto-translator/server_backend.go:578.33,581.5 2 0
pejelagarto-translator/server_backend.go:584.4,589.14 3 0
pejelagarto-translator/server_backend.go:589.14,597.5 2 0
pejelagarto-translator/server_backend.go:600.4,600.11 1 0
pejelagarto-translator/server_backend.go:601.29,603.18 2 0
pejelagarto-translator/server_backend.go:604.40,605.86 1 0
pejelagarto-translator/server_backend.go:607.9,608.33 1 0
pejelagarto-translator/server_backend.go:608.33,611.5 2 0
pejelagarto-translator/server_backend.go:614.4,619.14 3 0
pejelagarto-translator/server_backend.go:619.14,625.5 2 0
pejelagarto-translator/server_backend.go:628.4,628.11 1 0
pejelagarto-translator/server_backend.go:629.29,631.18 2 0
pejelagarto-translator/server_backend.go:632.40,633.86 1 0
pejelagarto-translator/server_backend.go:637.3,637.17 1 0
pejelagarto-translator/server_backend.go:637.17,639.4 1 0
pejelagarto-translator/server_backend.go:641.3,642.32 2 0
pejelagarto-translator/server_backend.go:642.32,645.4 2 0
pejelagarto-translator/server_backend.go:648.3,648.38 1 0
pejelagarto-translator/server_backend.go:648.38,649.14 1 0
pejelagarto-translator/server_backend.go:649.14,651.44 2 0
pejelagarto-translator/server_backend.go:651.44,652.35 1 0
pejelagarto-translator/server_backend.go:652.35,655.7 2 0
pejelagarto-translator/server_backend.go:660.3,661.51 2 0
pejelagarto-translator/server_backend.go:661.51,663.4 1 0
pejelagarto-translator/server_backend.go:664.8,667.16 2 0
pejelagarto-translator/server_backend.go:667.16,669.4 1 0
pejelagarto-translator/server_backend.go:670.3,674.13 3 0
pejelagarto-translator/server_backend.go:674.13,675.33 1 0
pejelagarto-translator/server_backend.go:675.33,677.5 1 0
pejelagarto-translator/server_backend.go:678.4,678.57 1 0
pejelagarto-translator/server_backend.go:678.57,680.5 1 0
pejelagarto-translator/server_backend.go:684.3,685.38 2 0
pejelagarto-translator/server_backend.go:685.38,686.43 1 0
pejelagarto-translator/server_backend.go:686.43,687.34 1 0
pejelagarto-translator/server_backend.go:687.34,690.6 2 0
pejelagarto-translator/server_backend.go:695.3,696.10 2 0
pejelagarto-translator/tts.go:26.63,29.31 2 0
pejelagarto-translator/tts.go:29.31,31.20 2 0
pejelagarto-translator/tts.go:31.20,33.4 1 0
pejelagarto-translator/tts.go:34.3,34.20 1 0
pejelagarto-translator/tts.go:34.20,36.4 1 0
pejelagarto-translator/tts.go:37.8,39.3 1 0
pejelagarto-translator/tts.go:42.2,46.31 3 0
pejelagarto-translator/tts.go:46.31,48.3 1 0
pejelagarto-translator/tts.go:50.2,58.45 6 0
pejelagarto-translator/tts.go:58.45,60.3 1 0
pejelagarto-translator/tts.go:61.2,61.66 1 0
pejelagarto-translator/tts.go:61.66,63.3 1 0
pejelagarto-translator/tts.go:64.2,64.64 1 0
pejelagarto-translator/tts.go:64.64,66.3 1 0
pejelagarto-translator/tts.go:69.2,69.51 1 0
pejelagarto-translator/tts.go:69.51,70.32 1 0
pejelagarto-translator/tts.go:70.32,72.4 1 0
pejelagarto-translator/tts.go:73.3,73.13 1 0
pejelagarto-translator/tts.go:76.2,76.31 1 0
pejelagarto-translator/tts.go:76.31,78.19 2 0
pejelagarto-translator/tts.go:78.19,80.4 1 0
pejelagarto-translator/tts.go:81.3,81.20 1 0
pejelagarto-translator/tts.go:81.20,83.4 1 0
pejelagarto-translator/tts.go:84.3,84.22 1 0
pejelagarto-translator/tts.go:84.22,86.4 1 0
pejelagarto-translator/tts.go:90.2,90.63 1 0
pejelagarto-translator/tts.go:90.63,92.3 1 0
pejelagarto-translator/tts.go:94.2,99.31 5 0
pejelagarto-translator/tts.go:99.31,102.17 2 0
pejelagarto-translator/tts.go:102.17,104.4 1 0
pejelagarto-translator/tts.go:107.3,114.80 3 0
pejelagarto-translator/tts.go:114.80,116.4 1 0
pejelagarto-translator/tts.go:117.3,120.32 2 0
pejelagarto-translator/tts.go:120.32,121.28 1 0
pejelagarto-translator/tts.go:121.28,123.5 1 0
pejelagarto-translator/tts.go:123.10,125.5 1 0
pejelagarto-translator/tts.go:127.3,127.27 1 0
pejelagarto-translator/tts.go:127.27,129.4 1 0
pejelagarto-translator/tts.go:129.9,131.4 1 0
pejelagarto-translator/tts.go:132.8,135.17 2 0
pejelagarto-translator/tts.go:135.17,137.4 1 0
pejelagarto-translator/tts.go:140.3,147.80 3 0
pejelagarto-translator/tts.go:147.80,149.4 1 0
pejelagarto-translator/tts.go:150.3,153.32 2 0
pejelagarto-translator/tts.go:153.32,154.28 1 0
pejelagarto-translator/tts.go:154.28,156.5 1 0
pejelagarto-translator/tts.go:156.10,158.5 1 0
pejelagarto-translator/tts.go:160.3,160.27 1 0
pejelagarto-translator/tts.go:160.27,162.4 1 0
pejelagarto-translator/tts.go:162.9,164.4 1 0
pejelagarto-translator/tts.go:168.2,171.34 3 0
pejelagarto-translator/tts.go:171.34,173.3 1 0
pejelagarto-translator/tts.go:175.2,175.31 1 0
pejelagarto-translator/tts.go:175.31,177.3 1 0
pejelagarto-translator/tts.go:179.2,179.12 1 0
pejelagarto-translator/tts.go:190.34,192.31 2 1
pejelagarto-translator/tts.go:192.31,194.3 1 1
pejelagarto-translator/tts.go:195.2,195.19 1 1
pejelagarto-translator/tts.go:201.43,204.29 1 0
pejelagarto-translator/tts.go:204.29,205.70 1 0
pejelagarto-translator/tts.go:205.70,208.4 1 0
pejelagarto-translator/tts.go:210.2,210.89 1 0
pejelagarto-translator/tts.go:215.38,241.41 3 0
pejelagarto-translator/tts.go:241.41,243.3 1 0
pejelagarto-translator/tts.go:246.2,246.34 1 0
pejelagarto-translator/tts.go:246.34,248.3 1 0
pejelagarto-translator/tts.go:251.2,251.10 1 0
pejelagarto-translator/tts.go:259.78,266.31 3 0
pejelagarto-translator/tts.go:267.20,270.124 3 0
pejelagarto-translator/tts.go:271.17,274.116 3 0
pejelagarto-translator/tts.go:275.17,278.99 3 0
pejelagarto-translator/tts.go:279.17,282.168 3 0
pejelagarto-translator/tts.go:283.15,286.129 3 0
pejelagarto-translator/tts.go:287.18,290.109 3 0
pejelagarto-translator/tts.go:291.16,294.134 3 0
pejelagarto-translator/tts.go:295.16,298.110 3 0
pejelagarto-translator/tts.go:299.15,302.243 3 0
pejelagarto-translator/tts.go:303.17,306.99 3 0
pejelagarto-translator/tts.go:307.19,310.67 3 0
pejelagarto-translator/tts.go:311.16,314.186 3 0
pejelagarto-translator/tts.go:315.19,318.104 3 0
pejelagarto-translator/tts.go:319.17,322.104 3 0
pejelagarto-translator/tts.go:323.17,326.67 3 0
pejelagarto-translator/tts.go:327.20,330.273 3 0
pejelagarto-translator/tts.go:331.19,334.116 3 0
pejelagarto-translator/tts.go:335.17,338.155 3 0
pejelagarto-translator/tts.go:339.10,343.168 3 0
pejelagarto-translator/tts.go:347.2,348.26 2 0
pejelagarto-translator/tts.go:348.26,349.39 1 0
pejelagarto-translator/tts.go:349.39,351.27 1 0
pejelagarto-translator/tts.go:351.27,353.5 1 0
pejelagarto-translator/tts.go:353.10,355.5 1 0
pejelagarto-translator/tts.go:356.9,356.33 1 0
pejelagarto-translator/tts.go:356.33,362.65 3 0
pejelagarto-translator/tts.go:362.65,364.5 1 0
pejelagarto-translator/tts.go:366.9,366.34 1 0
pejelagarto-translator/tts.go:366.34,369.40 1 0
pejelagarto-translator/tts.go:369.40,371.5 1 0
pejelagarto-translator/tts.go:374.2,381.34 4 0
pejelagarto-translator/tts.go:381.34,386.83 3 0
pejelagarto-translator/tts.go:386.83,388.12 2 0
pejelagarto-translator/tts.go:392.3,395.31 2 0
pejelagarto-translator/tts.go:395.31,399.35 3 0
pejelagarto-translator/tts.go:399.35,400.10 1 0
pejelagarto-translator/tts.go:402.4,402.47 1 0
pejelagarto-translator/tts.go:402.47,403.10 1 0
pejelagarto-translator/tts.go:405.4,405.20 1 0
pejelagarto-translator/tts.go:409.3,409.26 1 0
pejelagarto-translator/tts.go:409.26,411.4 1 0
pejelagarto-translator/tts.go:415.2,418.42 2 0
pejelagarto-translator/tts.go:418.42,420.3 1 0
pejelagarto-translator/tts.go:422.2,422.20 1 0
pejelagarto-translator/tts.go:427.94,438.55 4 0
pejelagarto-translator/tts.go:438.55,440.3 1 0
pejelagarto-translator/tts.go:443.2,443.54 1 0
pejelagarto-translator/tts.go:443.54,445.3 1 0
pejelagarto-translator/tts.go:448.2,449.16 2 0
pejelagarto-translator/tts.go:449.16,451.3 1 0
pejelagarto-translator/tts.go:452.2,457.16 4 0
pejelagarto-translator/tts.go:457.16,459.3 1 0
pejelagarto-translator/tts.go:460.2,461.16 2 0
pejelagarto-translator/tts.go:461.16,463.3 1 0
pejelagarto-translator/tts.go:466.2,467.16 2 0
pejelagarto-translator/tts.go:467.16,469.3 1 0
pejelagarto-translator/tts.go:472.2,492.16 6 0
pejelagarto-translator/tts.go:492.16,495.3 2 0
pejelagarto-translator/tts.go:498.2,499.16 2 0
pejelagarto-translator/tts.go:499.16,501.3 1 0
pejelagarto-translator/tts.go:502.2,502.26 1 0
pejelagarto-translator/tts.go:502.26,505.3 2 0
pejelagarto-translator/tts.go:507.2,507.24 1 0
pejelagarto-translator/tts.go:512.69,515.16 2 0
pejelagarto-translator/tts.go:515.16,517.3 1 0
pejelagarto-translator/tts.go:518.2,532.16 5 0
pejelagarto-translator/tts.go:532.16,535.3 2 0
pejelagarto-translator/tts.go:538.2,539.16 2 0
pejelagarto-translator/tts.go:539.16,541.3 1 0
pejelagarto-translator/tts.go:542.2,542.26 1 0
pejelagarto-translator/tts.go:542.26,545.3 2 0
pejelagarto-translator/tts.go:547.2,547.24 1 0
pejelagarto-translator/tts.go:551.65,552.33 1 0
pejelagarto-translator/tts.go:552.33,555.3 2 0
pejelagarto-translator/tts.go:557.2,558.16 2 0
pejelagarto-translator/tts.go:558.16,561.3 2 0
pejelagarto-translator/tts.go:564.2,565.16 2 0
pejelagarto-translator/tts.go:565.16,567.3 1 0
pejelagarto-translator/tts.go:570.2,579.27 3 0
pejelagarto-translator/tts.go:579.27,582.3 2 0
pejelagarto-translator/tts.go:584.2,594.12 6 0
pejelagarto-translator/tts.go:594.12,599.3 4 0
pejelagarto-translator/tts.go:602.2,603.16 2 0
pejelagarto-translator/tts.go:603.16,606.3 2 0
pejelagarto-translator/tts.go:607.2,610.10 2 0
pejelagarto-translator/tts.go:610.10,612.17 2 0
pejelagarto-translator/tts.go:612.17,615.4 2 0
pejelagarto-translator/tts.go:616.3,617.24 2 0
pejelagarto-translator/tts.go:621.2,622.16 2 0
pejelagarto-translator/tts.go:622.16,625.3 2 0
pejelagarto-translator/tts.go:628.2,635.18 6 0
pejelagarto-translator/tts.go:639.67,640.33 1 0
pejelagarto-translator/tts.go:640.33,643.3 2 0
pejelagarto-translator/tts.go:645.2,646.16 2 0
pejelagarto-translator/tts.go:646.16,649.3 2 0
pejelagarto-translator/tts.go:651.2,652.16 2 0
pejelagarto-translator/tts.go:652.16,654.3 1 0
pejelagarto-translator/tts.go:656.2,664.12 6 0
pejelagarto-translator/tts.go:664.12,668.3 3 0
pejelagarto-translator/tts.go:671.2,671.12 1 0
pejelagarto-translator/tts.go:671.12,676.13 4 0
pejelagarto-translator/tts.go:676.13,678.4 1 0
pejelagarto-translator/tts.go:681.3,682.17 2 0
pejelagarto-translator/tts.go:682.17,684.4 1 0
pejelagarto-translator/tts.go:685.3,689.17 3 0
pejelagarto-translator/tts.go:689.17,691.4 1 0
pejelagarto-translator/tts.go:692.3,696.17 3 0
pejelagarto-translator/tts.go:696.17,698.4 1 0
pejelagarto-translator/tts.go:700.3,702.22 3 0
pejelagarto-translator/tts.go:705.2,706.34 2 0
